{
  "RSpec": {
    "coverage": {
      "/Users/brittanymartin/projects/bloc/samxwu/blocitoff/app/helpers/application_helper.rb": [
        1,
        null
      ],
      "/Users/brittanymartin/projects/bloc/samxwu/blocitoff/app/helpers/items_helper.rb": [
        1,
        null
      ],
      "/Users/brittanymartin/projects/bloc/samxwu/blocitoff/app/helpers/users_helper.rb": [
        1,
        null
      ],
      "/Users/brittanymartin/projects/bloc/samxwu/blocitoff/app/helpers/welcome_helper.rb": [
        1,
        null
      ],
      "/Users/brittanymartin/projects/bloc/samxwu/blocitoff/app/controllers/items_controller.rb": [
        1,
        null,
        1,
        null,
        0,
        0,
        0,
        null,
        0,
        0,
        0,
        null,
        0,
        0,
        null,
        null,
        null,
        null,
        1,
        0,
        0,
        null,
        0,
        0,
        null,
        0,
        null,
        null,
        0,
        0,
        0,
        null,
        null,
        null,
        null
      ],
      "/Users/brittanymartin/projects/bloc/samxwu/blocitoff/app/controllers/application_controller.rb": [
        1,
        null,
        null,
        1,
        1,
        null
      ],
      "/Users/brittanymartin/projects/bloc/samxwu/blocitoff/app/controllers/users_controller.rb": [
        1,
        null,
        1,
        0,
        null,
        null,
        null
      ],
      "/Users/brittanymartin/projects/bloc/samxwu/blocitoff/app/controllers/welcome_controller.rb": [
        1,
        1,
        0,
        null,
        null,
        1,
        null,
        null
      ],
      "/Users/brittanymartin/projects/bloc/samxwu/blocitoff/app/models/item.rb": [
        1,
        1,
        null
      ],
      "/Users/brittanymartin/projects/bloc/samxwu/blocitoff/app/models/user.rb": [
        0,
        0,
        0,
        0,
        0,
        0,
        0,
        0,
        0,
        0,
        0,
        0,
        0,
        0,
        0,
        0
      ]
    },
    "timestamp": 1492032310
  }
}
